This file contains any messages produced by compilers while
running configure, to aid debugging if configure makes a mistake.

It was created by llconf configure 0.4.6, which was
generated by GNU Autoconf 2.68.  Invocation command line was

  $ ./configure --no-create --no-recursion

## --------- ##
## Platform. ##
## --------- ##

hostname = Artisanal
uname -m = x86_64
uname -r = 3.2.0-23-generic
uname -s = Linux
uname -v = #36-Ubuntu SMP Tue Apr 10 20:39:51 UTC 2012

/usr/bin/uname -p = unknown
/bin/uname -X     = unknown

/bin/arch              = unknown
/usr/bin/arch -k       = unknown
/usr/convex/getsysinfo = unknown
/usr/bin/hostinfo      = unknown
/bin/machine           = unknown
/usr/bin/oslevel       = unknown
/bin/universe          = unknown

PATH: /usr/lib/libfm
PATH: /usr/lib/lightdm/lightdm
PATH: /usr/local/sbin
PATH: /usr/local/bin
PATH: /usr/sbin
PATH: /usr/bin
PATH: /sbin
PATH: /bin
PATH: /usr/games


## ----------- ##
## Core tests. ##
## ----------- ##

configure:2576: checking for a BSD-compatible install
configure:2644: result: /usr/bin/install -c
configure:2655: checking whether build environment is sane
configure:2692: result: yes
configure:2754: checking for gawk
configure:2784: result: no
configure:2754: checking for mawk
configure:2770: found /usr/bin/mawk
configure:2781: result: mawk
configure:2792: checking whether make sets $(MAKE)
configure:2814: result: yes
configure:3068: checking build system type
configure:3082: result: x86_64-unknown-linux-gnu
configure:3102: checking host system type
configure:3115: result: x86_64-unknown-linux-gnu
configure:3147: checking for style of include used by make
configure:3175: result: GNU
configure:3248: checking for gcc
configure:3264: found /usr/bin/gcc
configure:3275: result: gcc
configure:3504: checking for C compiler version
configure:3513: gcc --version >&5
gcc-4.6.real (Ubuntu/Linaro 4.6.3-1ubuntu5) 4.6.3
Copyright (C) 2011 Free Software Foundation, Inc.
This is free software; see the source for copying conditions.  There is NO
warranty; not even for MERCHANTABILITY or FITNESS FOR A PARTICULAR PURPOSE.

configure:3524: $? = 0
configure:3513: gcc -v >&5
Using built-in specs.
COLLECT_GCC=/usr/bin/gcc-4.6.real
COLLECT_LTO_WRAPPER=/usr/lib/gcc/x86_64-linux-gnu/4.6/lto-wrapper
Target: x86_64-linux-gnu
Configured with: ../src/configure -v --with-pkgversion='Ubuntu/Linaro 4.6.3-1ubuntu5' --with-bugurl=file:///usr/share/doc/gcc-4.6/README.Bugs --enable-languages=c,c++,fortran,objc,obj-c++ --prefix=/usr --program-suffix=-4.6 --enable-shared --enable-linker-build-id --with-system-zlib --libexecdir=/usr/lib --without-included-gettext --enable-threads=posix --with-gxx-include-dir=/usr/include/c++/4.6 --libdir=/usr/lib --enable-nls --with-sysroot=/ --enable-clocale=gnu --enable-libstdcxx-debug --enable-libstdcxx-time=yes --enable-gnu-unique-object --enable-plugin --enable-objc-gc --disable-werror --with-arch-32=i686 --with-tune=generic --enable-checking=release --build=x86_64-linux-gnu --host=x86_64-linux-gnu --target=x86_64-linux-gnu
Thread model: posix
gcc version 4.6.3 (Ubuntu/Linaro 4.6.3-1ubuntu5) 
configure:3524: $? = 0
configure:3513: gcc -V >&5
gcc-4.6.real: error: unrecognized option '-V'
gcc-4.6.real: fatal error: no input files
compilation terminated.
configure:3524: $? = 4
configure:3513: gcc -qversion >&5
gcc-4.6.real: error: unrecognized option '-qversion'
gcc-4.6.real: fatal error: no input files
compilation terminated.
configure:3524: $? = 4
configure:3544: checking whether the C compiler works
configure:3566: gcc    conftest.c  >&5
configure:3570: $? = 0
configure:3618: result: yes
configure:3621: checking for C compiler default output file name
configure:3623: result: a.out
configure:3629: checking for suffix of executables
configure:3636: gcc -o conftest    conftest.c  >&5
configure:3640: $? = 0
configure:3662: result: 
configure:3684: checking whether we are cross compiling
configure:3692: gcc -o conftest    conftest.c  >&5
configure:3696: $? = 0
configure:3703: ./conftest
configure:3707: $? = 0
configure:3722: result: no
configure:3727: checking for suffix of object files
configure:3749: gcc -c   conftest.c >&5
configure:3753: $? = 0
configure:3774: result: o
configure:3778: checking whether we are using the GNU C compiler
configure:3797: gcc -c   conftest.c >&5
configure:3797: $? = 0
configure:3806: result: yes
configure:3815: checking whether gcc accepts -g
configure:3835: gcc -c -g  conftest.c >&5
configure:3835: $? = 0
configure:3876: result: yes
configure:3893: checking for gcc option to accept ISO C89
configure:3957: gcc  -c -g -O2  conftest.c >&5
configure:3957: $? = 0
configure:3970: result: none needed
configure:3992: checking dependency style of gcc
configure:4082: result: gcc3
configure:4099: checking for a sed that does not truncate output
configure:4155: result: /bin/sed
configure:4158: checking for grep that handles long lines and -e
configure:4216: result: /bin/grep
configure:4221: checking for egrep
configure:4283: result: /bin/grep -E
configure:4299: checking for ld used by gcc
configure:4366: result: /usr/bin/ld
configure:4373: checking if the linker (/usr/bin/ld) is GNU ld
configure:4388: result: yes
configure:4393: checking for /usr/bin/ld option to reload object files
configure:4400: result: -r
configure:4418: checking for BSD-compatible nm
configure:4467: result: /usr/bin/nm -B
configure:4471: checking whether ln -s works
configure:4475: result: yes
configure:4482: checking how to recognize dependent libraries
configure:4668: result: pass_all
configure:4757: gcc -c -g -O2  conftest.c >&5
configure:4760: $? = 0
configure:4884: checking how to run the C preprocessor
configure:4915: gcc -E  conftest.c
configure:4915: $? = 0
configure:4929: gcc -E  conftest.c
conftest.c:11:28: fatal error: ac_nonexistent.h: No such file or directory
compilation terminated.
configure:4929: $? = 1
configure: failed program was:
| /* confdefs.h */
| #define PACKAGE_NAME "llconf"
| #define PACKAGE_TARNAME "llconf"
| #define PACKAGE_VERSION "0.4.6"
| #define PACKAGE_STRING "llconf 0.4.6"
| #define PACKAGE_BUGREPORT "<oku@debian.org>"
| #define PACKAGE_URL ""
| #define PACKAGE "llconf"
| #define VERSION "0.4.6"
| /* end confdefs.h.  */
| #include <ac_nonexistent.h>
configure:4954: result: gcc -E
configure:4974: gcc -E  conftest.c
configure:4974: $? = 0
configure:4988: gcc -E  conftest.c
conftest.c:11:28: fatal error: ac_nonexistent.h: No such file or directory
compilation terminated.
configure:4988: $? = 1
configure: failed program was:
| /* confdefs.h */
| #define PACKAGE_NAME "llconf"
| #define PACKAGE_TARNAME "llconf"
| #define PACKAGE_VERSION "0.4.6"
| #define PACKAGE_STRING "llconf 0.4.6"
| #define PACKAGE_BUGREPORT "<oku@debian.org>"
| #define PACKAGE_URL ""
| #define PACKAGE "llconf"
| #define VERSION "0.4.6"
| /* end confdefs.h.  */
| #include <ac_nonexistent.h>
configure:5017: checking for ANSI C header files
configure:5037: gcc -c -g -O2  conftest.c >&5
configure:5037: $? = 0
configure:5110: gcc -o conftest -g -O2   conftest.c  >&5
configure:5110: $? = 0
configure:5110: ./conftest
configure:5110: $? = 0
configure:5121: result: yes
configure:5134: checking for sys/types.h
configure:5134: gcc -c -g -O2  conftest.c >&5
configure:5134: $? = 0
configure:5134: result: yes
configure:5134: checking for sys/stat.h
configure:5134: gcc -c -g -O2  conftest.c >&5
configure:5134: $? = 0
configure:5134: result: yes
configure:5134: checking for stdlib.h
configure:5134: gcc -c -g -O2  conftest.c >&5
configure:5134: $? = 0
configure:5134: result: yes
configure:5134: checking for string.h
configure:5134: gcc -c -g -O2  conftest.c >&5
configure:5134: $? = 0
configure:5134: result: yes
configure:5134: checking for memory.h
configure:5134: gcc -c -g -O2  conftest.c >&5
configure:5134: $? = 0
configure:5134: result: yes
configure:5134: checking for strings.h
configure:5134: gcc -c -g -O2  conftest.c >&5
configure:5134: $? = 0
configure:5134: result: yes
configure:5134: checking for inttypes.h
configure:5134: gcc -c -g -O2  conftest.c >&5
configure:5134: $? = 0
configure:5134: result: yes
configure:5134: checking for stdint.h
configure:5134: gcc -c -g -O2  conftest.c >&5
configure:5134: $? = 0
configure:5134: result: yes
configure:5134: checking for unistd.h
configure:5134: gcc -c -g -O2  conftest.c >&5
configure:5134: $? = 0
configure:5134: result: yes
configure:5148: checking dlfcn.h usability
configure:5148: gcc -c -g -O2  conftest.c >&5
configure:5148: $? = 0
configure:5148: result: yes
configure:5148: checking dlfcn.h presence
configure:5148: gcc -E  conftest.c
configure:5148: $? = 0
configure:5148: result: yes
configure:5148: checking for dlfcn.h
configure:5148: result: yes
configure:5216: checking for g++
configure:5232: found /usr/bin/g++
configure:5243: result: g++
configure:5270: checking for C++ compiler version
configure:5279: g++ --version >&5
g++-4.6.real (Ubuntu/Linaro 4.6.3-1ubuntu5) 4.6.3
Copyright (C) 2011 Free Software Foundation, Inc.
This is free software; see the source for copying conditions.  There is NO
warranty; not even for MERCHANTABILITY or FITNESS FOR A PARTICULAR PURPOSE.

configure:5290: $? = 0
configure:5279: g++ -v >&5
Using built-in specs.
COLLECT_GCC=/usr/bin/g++-4.6.real
COLLECT_LTO_WRAPPER=/usr/lib/gcc/x86_64-linux-gnu/4.6/lto-wrapper
Target: x86_64-linux-gnu
Configured with: ../src/configure -v --with-pkgversion='Ubuntu/Linaro 4.6.3-1ubuntu5' --with-bugurl=file:///usr/share/doc/gcc-4.6/README.Bugs --enable-languages=c,c++,fortran,objc,obj-c++ --prefix=/usr --program-suffix=-4.6 --enable-shared --enable-linker-build-id --with-system-zlib --libexecdir=/usr/lib --without-included-gettext --enable-threads=posix --with-gxx-include-dir=/usr/include/c++/4.6 --libdir=/usr/lib --enable-nls --with-sysroot=/ --enable-clocale=gnu --enable-libstdcxx-debug --enable-libstdcxx-time=yes --enable-gnu-unique-object --enable-plugin --enable-objc-gc --disable-werror --with-arch-32=i686 --with-tune=generic --enable-checking=release --build=x86_64-linux-gnu --host=x86_64-linux-gnu --target=x86_64-linux-gnu
Thread model: posix
gcc version 4.6.3 (Ubuntu/Linaro 4.6.3-1ubuntu5) 
configure:5290: $? = 0
configure:5279: g++ -V >&5
g++-4.6.real: error: unrecognized option '-V'
g++-4.6.real: fatal error: no input files
compilation terminated.
configure:5290: $? = 4
configure:5279: g++ -qversion >&5
g++-4.6.real: error: unrecognized option '-qversion'
g++-4.6.real: fatal error: no input files
compilation terminated.
configure:5290: $? = 4
configure:5294: checking whether we are using the GNU C++ compiler
configure:5313: g++ -c   conftest.cpp >&5
configure:5313: $? = 0
configure:5322: result: yes
configure:5331: checking whether g++ accepts -g
configure:5351: g++ -c -g  conftest.cpp >&5
configure:5351: $? = 0
configure:5392: result: yes
configure:5417: checking dependency style of g++
configure:5507: result: gcc3
configure:5534: checking how to run the C++ preprocessor
configure:5561: g++ -E  conftest.cpp
configure:5561: $? = 0
configure:5575: g++ -E  conftest.cpp
conftest.cpp:22:28: fatal error: ac_nonexistent.h: No such file or directory
compilation terminated.
configure:5575: $? = 1
configure: failed program was:
| /* confdefs.h */
| #define PACKAGE_NAME "llconf"
| #define PACKAGE_TARNAME "llconf"
| #define PACKAGE_VERSION "0.4.6"
| #define PACKAGE_STRING "llconf 0.4.6"
| #define PACKAGE_BUGREPORT "<oku@debian.org>"
| #define PACKAGE_URL ""
| #define PACKAGE "llconf"
| #define VERSION "0.4.6"
| #define STDC_HEADERS 1
| #define HAVE_SYS_TYPES_H 1
| #define HAVE_SYS_STAT_H 1
| #define HAVE_STDLIB_H 1
| #define HAVE_STRING_H 1
| #define HAVE_MEMORY_H 1
| #define HAVE_STRINGS_H 1
| #define HAVE_INTTYPES_H 1
| #define HAVE_STDINT_H 1
| #define HAVE_UNISTD_H 1
| #define HAVE_DLFCN_H 1
| /* end confdefs.h.  */
| #include <ac_nonexistent.h>
configure:5600: result: g++ -E
configure:5620: g++ -E  conftest.cpp
configure:5620: $? = 0
configure:5634: g++ -E  conftest.cpp
conftest.cpp:22:28: fatal error: ac_nonexistent.h: No such file or directory
compilation terminated.
configure:5634: $? = 1
configure: failed program was:
| /* confdefs.h */
| #define PACKAGE_NAME "llconf"
| #define PACKAGE_TARNAME "llconf"
| #define PACKAGE_VERSION "0.4.6"
| #define PACKAGE_STRING "llconf 0.4.6"
| #define PACKAGE_BUGREPORT "<oku@debian.org>"
| #define PACKAGE_URL ""
| #define PACKAGE "llconf"
| #define VERSION "0.4.6"
| #define STDC_HEADERS 1
| #define HAVE_SYS_TYPES_H 1
| #define HAVE_SYS_STAT_H 1
| #define HAVE_STDLIB_H 1
| #define HAVE_STRING_H 1
| #define HAVE_MEMORY_H 1
| #define HAVE_STRINGS_H 1
| #define HAVE_INTTYPES_H 1
| #define HAVE_STDINT_H 1
| #define HAVE_UNISTD_H 1
| #define HAVE_DLFCN_H 1
| /* end confdefs.h.  */
| #include <ac_nonexistent.h>
configure:5718: checking for g77
configure:5748: result: no
configure:5718: checking for xlf
configure:5748: result: no
configure:5718: checking for f77
configure:5748: result: no
configure:5718: checking for frt
configure:5748: result: no
configure:5718: checking for pgf77
configure:5748: result: no
configure:5718: checking for cf77
configure:5748: result: no
configure:5718: checking for fort77
configure:5748: result: no
configure:5718: checking for fl32
configure:5748: result: no
configure:5718: checking for af77
configure:5748: result: no
configure:5718: checking for xlf90
configure:5748: result: no
configure:5718: checking for f90
configure:5748: result: no
configure:5718: checking for pgf90
configure:5748: result: no
configure:5718: checking for pghpf
configure:5748: result: no
configure:5718: checking for epcf90
configure:5748: result: no
configure:5718: checking for gfortran
configure:5748: result: no
configure:5718: checking for g95
configure:5748: result: no
configure:5718: checking for xlf95
configure:5748: result: no
configure:5718: checking for f95
configure:5748: result: no
configure:5718: checking for fort
configure:5748: result: no
configure:5718: checking for ifort
configure:5748: result: no
configure:5718: checking for ifc
configure:5748: result: no
configure:5718: checking for efc
configure:5748: result: no
configure:5718: checking for pgfortran
configure:5748: result: no
configure:5718: checking for pgf95
configure:5748: result: no
configure:5718: checking for lf95
configure:5748: result: no
configure:5718: checking for ftn
configure:5748: result: no
configure:5771: checking for Fortran 77 compiler version
configure:5780:  --version >&5
./configure: line 5782: --version: command not found
configure:5791: $? = 127
configure:5780:  -v >&5
./configure: line 5782: -v: command not found
configure:5791: $? = 127
configure:5780:  -V >&5
./configure: line 5782: -V: command not found
configure:5791: $? = 127
configure:5780:  -qversion >&5
./configure: line 5782: -qversion: command not found
configure:5791: $? = 127
configure:5800: checking whether we are using the GNU Fortran 77 compiler
configure:5813:  -c  conftest.F >&5
./configure: line 2108: -c: command not found
configure:5813: $? = 127
configure: failed program was:
|       program main
| #ifndef __GNUC__
|        choke me
| #endif
| 
|       end
configure:5822: result: no
configure:5828: checking whether  accepts -g
configure:5839:  -c -g conftest.f >&5
./configure: line 2108: -c: command not found
configure:5839: $? = 127
configure: failed program was:
|       program main
| 
|       end
configure:5847: result: no
configure:5881: checking the maximum length of command line arguments
configure:5993: result: 3458764513820540925
configure:6005: checking command to parse /usr/bin/nm -B output from gcc object
configure:6110: gcc -c -g -O2  conftest.c >&5
configure:6113: $? = 0
configure:6117: /usr/bin/nm -B conftest.o \| sed -n -e 's/^.*[ 	]\([ABCDGIRSTW][ABCDGIRSTW]*\)[ 	][ 	]*\([_A-Za-z][_A-Za-z0-9]*\)$/\1 \2 \2/p' \> conftest.nm
configure:6120: $? = 0
configure:6172: gcc -o conftest -g -O2   conftest.c conftstm.o >&5
configure:6175: $? = 0
configure:6213: result: ok
configure:6217: checking for objdir
configure:6232: result: .libs
configure:6324: checking for ar
configure:6340: found /usr/bin/ar
configure:6351: result: ar
configure:6416: checking for ranlib
configure:6432: found /usr/bin/ranlib
configure:6443: result: ranlib
configure:6508: checking for strip
configure:6524: found /usr/bin/strip
configure:6535: result: strip
configure:6817: checking if gcc supports -fno-rtti -fno-exceptions
configure:6835: gcc -c -g -O2  -fno-rtti -fno-exceptions conftest.c >&5
cc1: warning: command line option '-fno-rtti' is valid for C++/ObjC++ but not for C [enabled by default]
configure:6839: $? = 0
configure:6852: result: no
configure:6867: checking for gcc option to produce PIC
configure:7099: result: -fPIC
configure:7107: checking if gcc PIC flag -fPIC works
configure:7125: gcc -c -g -O2  -fPIC -DPIC conftest.c >&5
configure:7129: $? = 0
configure:7142: result: yes
configure:7170: checking if gcc static flag -static works
configure:7198: result: yes
configure:7208: checking if gcc supports -c -o file.o
configure:7229: gcc -c -g -O2  -o out/conftest2.o conftest.c >&5
configure:7233: $? = 0
configure:7255: result: yes
configure:7281: checking whether the gcc linker (/usr/bin/ld -m elf_x86_64) supports shared libraries
configure:8208: result: yes
configure:8229: checking whether -lc should be explicitly linked in
configure:8234: gcc -c -g -O2  conftest.c >&5
configure:8237: $? = 0
configure:8252: gcc -shared conftest.o  -v -Wl,-soname -Wl,conftest -o conftest 2\>\&1 \| grep  -lc  \>/dev/null 2\>\&1
configure:8255: $? = 0
configure:8267: result: no
configure:8275: checking dynamic linker characteristics
configure:8889: result: GNU/Linux ld.so
configure:8898: checking how to hardcode library paths into programs
configure:8923: result: immediate
configure:8937: checking whether stripping libraries is possible
configure:8942: result: yes
configure:9459: checking if libtool supports shared libraries
configure:9461: result: yes
configure:9464: checking whether to build shared libraries
configure:9485: result: yes
configure:9488: checking whether to build static libraries
configure:9492: result: yes
configure:9585: creating libtool
configure:10169: checking for ld used by g++
configure:10236: result: /usr/bin/ld -m elf_x86_64
configure:10243: checking if the linker (/usr/bin/ld -m elf_x86_64) is GNU ld
configure:10258: result: yes
configure:10309: checking whether the g++ linker (/usr/bin/ld -m elf_x86_64) supports shared libraries
configure:11229: result: yes
configure:11247: g++ -c -g -O2  conftest.cpp >&5
configure:11250: $? = 0
configure:11402: checking for g++ option to produce PIC
configure:11686: result: -fPIC
configure:11694: checking if g++ PIC flag -fPIC works
configure:11712: g++ -c -g -O2  -fPIC -DPIC conftest.cpp >&5
configure:11716: $? = 0
configure:11729: result: yes
configure:11757: checking if g++ static flag -static works
configure:11785: result: yes
configure:11795: checking if g++ supports -c -o file.o
configure:11816: g++ -c -g -O2  -o out/conftest2.o conftest.cpp >&5
configure:11820: $? = 0
configure:11842: result: yes
configure:11868: checking whether the g++ linker (/usr/bin/ld -m elf_x86_64) supports shared libraries
configure:11896: result: yes
configure:11963: checking dynamic linker characteristics
configure:12525: result: GNU/Linux ld.so
configure:12534: checking how to hardcode library paths into programs
configure:12559: result: immediate
configure:18702: checking for gcc
configure:18729: result: gcc
configure:18958: checking for C compiler version
configure:18967: gcc --version >&5
gcc-4.6.real (Ubuntu/Linaro 4.6.3-1ubuntu5) 4.6.3
Copyright (C) 2011 Free Software Foundation, Inc.
This is free software; see the source for copying conditions.  There is NO
warranty; not even for MERCHANTABILITY or FITNESS FOR A PARTICULAR PURPOSE.

configure:18978: $? = 0
configure:18967: gcc -v >&5
Using built-in specs.
COLLECT_GCC=/usr/bin/gcc-4.6.real
COLLECT_LTO_WRAPPER=/usr/lib/gcc/x86_64-linux-gnu/4.6/lto-wrapper
Target: x86_64-linux-gnu
Configured with: ../src/configure -v --with-pkgversion='Ubuntu/Linaro 4.6.3-1ubuntu5' --with-bugurl=file:///usr/share/doc/gcc-4.6/README.Bugs --enable-languages=c,c++,fortran,objc,obj-c++ --prefix=/usr --program-suffix=-4.6 --enable-shared --enable-linker-build-id --with-system-zlib --libexecdir=/usr/lib --without-included-gettext --enable-threads=posix --with-gxx-include-dir=/usr/include/c++/4.6 --libdir=/usr/lib --enable-nls --with-sysroot=/ --enable-clocale=gnu --enable-libstdcxx-debug --enable-libstdcxx-time=yes --enable-gnu-unique-object --enable-plugin --enable-objc-gc --disable-werror --with-arch-32=i686 --with-tune=generic --enable-checking=release --build=x86_64-linux-gnu --host=x86_64-linux-gnu --target=x86_64-linux-gnu
Thread model: posix
gcc version 4.6.3 (Ubuntu/Linaro 4.6.3-1ubuntu5) 
configure:18978: $? = 0
configure:18967: gcc -V >&5
gcc-4.6.real: error: unrecognized option '-V'
gcc-4.6.real: fatal error: no input files
compilation terminated.
configure:18978: $? = 4
configure:18967: gcc -qversion >&5
gcc-4.6.real: error: unrecognized option '-qversion'
gcc-4.6.real: fatal error: no input files
compilation terminated.
configure:18978: $? = 4
configure:18982: checking whether we are using the GNU C compiler
configure:19010: result: yes
configure:19019: checking whether gcc accepts -g
configure:19080: result: yes
configure:19097: checking for gcc option to accept ISO C89
configure:19174: result: none needed
configure:19196: checking dependency style of gcc
configure:19286: result: gcc3
configure:19307: checking for ANSI C header files
configure:19411: result: yes
configure:19422: checking for stdlib.h
configure:19422: result: yes
configure:19422: checking for string.h
configure:19422: result: yes
configure:19422: checking for unistd.h
configure:19422: result: yes
configure:19434: checking for an ANSI C-conforming const
configure:19499: gcc -c -g -O2  conftest.c >&5
configure:19499: $? = 0
configure:19506: result: yes
configure:19518: checking for stdlib.h
configure:19518: result: yes
configure:19528: checking for GNU libc compatible malloc
configure:19552: gcc -o conftest -g -O2   conftest.c  >&5
configure:19552: $? = 0
configure:19552: ./conftest
configure:19552: $? = 0
configure:19562: result: yes
configure:19586: checking for memset
configure:19586: gcc -o conftest -g -O2   conftest.c  >&5
conftest.c:51:6: warning: conflicting types for built-in function 'memset' [enabled by default]
configure:19586: $? = 0
configure:19586: result: yes
configure:19586: checking for strdup
configure:19586: gcc -o conftest -g -O2   conftest.c  >&5
conftest.c:52:6: warning: conflicting types for built-in function 'strdup' [enabled by default]
configure:19586: $? = 0
configure:19586: result: yes
configure:19586: checking for strerror
configure:19586: gcc -o conftest -g -O2   conftest.c  >&5
configure:19586: $? = 0
configure:19586: result: yes
configure:19727: creating ./config.status

## ---------------- ##
## Cache variables. ##
## ---------------- ##

ac_cv_build=x86_64-unknown-linux-gnu
ac_cv_c_compiler_gnu=yes
ac_cv_c_const=yes
ac_cv_cxx_compiler_gnu=yes
ac_cv_env_CCC_set=
ac_cv_env_CCC_value=
ac_cv_env_CC_set=
ac_cv_env_CC_value=
ac_cv_env_CFLAGS_set=
ac_cv_env_CFLAGS_value=
ac_cv_env_CPPFLAGS_set=
ac_cv_env_CPPFLAGS_value=
ac_cv_env_CPP_set=
ac_cv_env_CPP_value=
ac_cv_env_CXXCPP_set=
ac_cv_env_CXXCPP_value=
ac_cv_env_CXXFLAGS_set=
ac_cv_env_CXXFLAGS_value=
ac_cv_env_CXX_set=
ac_cv_env_CXX_value=
ac_cv_env_F77_set=
ac_cv_env_F77_value=
ac_cv_env_FFLAGS_set=
ac_cv_env_FFLAGS_value=
ac_cv_env_LDFLAGS_set=
ac_cv_env_LDFLAGS_value=
ac_cv_env_LIBS_set=
ac_cv_env_LIBS_value=
ac_cv_env_build_alias_set=
ac_cv_env_build_alias_value=
ac_cv_env_host_alias_set=
ac_cv_env_host_alias_value=
ac_cv_env_target_alias_set=
ac_cv_env_target_alias_value=
ac_cv_f77_compiler_gnu=no
ac_cv_func_malloc_0_nonnull=yes
ac_cv_func_memset=yes
ac_cv_func_strdup=yes
ac_cv_func_strerror=yes
ac_cv_header_dlfcn_h=yes
ac_cv_header_inttypes_h=yes
ac_cv_header_memory_h=yes
ac_cv_header_stdc=yes
ac_cv_header_stdint_h=yes
ac_cv_header_stdlib_h=yes
ac_cv_header_string_h=yes
ac_cv_header_strings_h=yes
ac_cv_header_sys_stat_h=yes
ac_cv_header_sys_types_h=yes
ac_cv_header_unistd_h=yes
ac_cv_host=x86_64-unknown-linux-gnu
ac_cv_objext=o
ac_cv_path_EGREP='/bin/grep -E'
ac_cv_path_GREP=/bin/grep
ac_cv_path_install='/usr/bin/install -c'
ac_cv_prog_AWK=mawk
ac_cv_prog_CPP='gcc -E'
ac_cv_prog_CXXCPP='g++ -E'
ac_cv_prog_ac_ct_AR=ar
ac_cv_prog_ac_ct_CC=gcc
ac_cv_prog_ac_ct_CXX=g++
ac_cv_prog_ac_ct_RANLIB=ranlib
ac_cv_prog_ac_ct_STRIP=strip
ac_cv_prog_cc_c89=
ac_cv_prog_cc_g=yes
ac_cv_prog_cxx_g=yes
ac_cv_prog_f77_g=no
ac_cv_prog_make_make_set=yes
am_cv_CC_dependencies_compiler_type=gcc3
am_cv_CXX_dependencies_compiler_type=gcc3
lt_cv_deplibs_check_method=pass_all
lt_cv_file_magic_cmd='$MAGIC_CMD'
lt_cv_file_magic_test_file=
lt_cv_ld_reload_flag=-r
lt_cv_objdir=.libs
lt_cv_path_LD=/usr/bin/ld
lt_cv_path_LDCXX='/usr/bin/ld -m elf_x86_64'
lt_cv_path_NM='/usr/bin/nm -B'
lt_cv_path_SED=/bin/sed
lt_cv_prog_compiler_c_o=yes
lt_cv_prog_compiler_c_o_CXX=yes
lt_cv_prog_compiler_rtti_exceptions=no
lt_cv_prog_gnu_ld=yes
lt_cv_prog_gnu_ldcxx=yes
lt_cv_sys_global_symbol_pipe='sed -n -e '\''s/^.*[ 	]\([ABCDGIRSTW][ABCDGIRSTW]*\)[ 	][ 	]*\([_A-Za-z][_A-Za-z0-9]*\)$/\1 \2 \2/p'\'''
lt_cv_sys_global_symbol_to_c_name_address='sed -n -e '\''s/^: \([^ ]*\) $/  {\"\1\", (lt_ptr) 0},/p'\'' -e '\''s/^[BCDEGRST] \([^ ]*\) \([^ ]*\)$/  {"\2", (lt_ptr) \&\2},/p'\'''
lt_cv_sys_global_symbol_to_cdecl='sed -n -e '\''s/^. .* \(.*\)$/extern int \1;/p'\'''
lt_cv_sys_max_cmd_len=3458764513820540925
lt_lt_cv_prog_compiler_c_o='"yes"'
lt_lt_cv_prog_compiler_c_o_CXX='"yes"'
lt_lt_cv_sys_global_symbol_pipe='"sed -n -e '\''s/^.*[ 	]\\([ABCDGIRSTW][ABCDGIRSTW]*\\)[ 	][ 	]*\\([_A-Za-z][_A-Za-z0-9]*\\)\$/\\1 \\2 \\2/p'\''"'
lt_lt_cv_sys_global_symbol_to_c_name_address='"sed -n -e '\''s/^: \\([^ ]*\\) \$/  {\\\"\\1\\\", (lt_ptr) 0},/p'\'' -e '\''s/^[BCDEGRST] \\([^ ]*\\) \\([^ ]*\\)\$/  {\"\\2\", (lt_ptr) \\&\\2},/p'\''"'
lt_lt_cv_sys_global_symbol_to_cdecl='"sed -n -e '\''s/^. .* \\(.*\\)\$/extern int \\1;/p'\''"'

## ----------------- ##
## Output variables. ##
## ----------------- ##

ACLOCAL='${SHELL} /home/paul/decaf-platform-read-only/shared/llconf/missing --run aclocal-1.9'
AMDEPBACKSLASH='\'
AMDEP_FALSE='#'
AMDEP_TRUE=''
AMTAR='${SHELL} /home/paul/decaf-platform-read-only/shared/llconf/missing --run tar'
AR='ar'
AUTOCONF='${SHELL} /home/paul/decaf-platform-read-only/shared/llconf/missing --run autoconf'
AUTOHEADER='${SHELL} /home/paul/decaf-platform-read-only/shared/llconf/missing --run autoheader'
AUTOMAKE='${SHELL} /home/paul/decaf-platform-read-only/shared/llconf/missing --run automake-1.9'
AWK='mawk'
CC='gcc'
CCDEPMODE='depmode=gcc3'
CFLAGS='-g -O2'
CPP='gcc -E'
CPPFLAGS=''
CXX='g++'
CXXCPP='g++ -E'
CXXDEPMODE='depmode=gcc3'
CXXFLAGS='-g -O2'
CYGPATH_W='echo'
DEFS='-DHAVE_CONFIG_H'
DEPDIR='.deps'
ECHO='echo'
ECHO_C=''
ECHO_N='-n'
ECHO_T=''
EGREP='/bin/grep -E'
EXEEXT=''
F77=''
FFLAGS=''
GREP='/bin/grep'
INSTALL_DATA='${INSTALL} -m 644'
INSTALL_PROGRAM='${INSTALL}'
INSTALL_SCRIPT='${INSTALL}'
INSTALL_STRIP_PROGRAM='${SHELL} $(install_sh) -c -s'
LDFLAGS=''
LIBOBJS=''
LIBS=''
LIBTOOL='$(SHELL) $(top_builddir)/libtool'
LN_S='ln -s'
LTLIBOBJS=''
MAKEINFO='${SHELL} /home/paul/decaf-platform-read-only/shared/llconf/missing --run makeinfo'
OBJEXT='o'
PACKAGE='llconf'
PACKAGE_BUGREPORT='<oku@debian.org>'
PACKAGE_NAME='llconf'
PACKAGE_STRING='llconf 0.4.6'
PACKAGE_TARNAME='llconf'
PACKAGE_URL=''
PACKAGE_VERSION='0.4.6'
PATH_SEPARATOR=':'
RANLIB='ranlib'
SED='/bin/sed'
SET_MAKE=''
SHELL='/bin/bash'
STRIP='strip'
VERSION='0.4.6'
ac_ct_CC='gcc'
ac_ct_CXX='g++'
ac_ct_F77=''
am__fastdepCC_FALSE='#'
am__fastdepCC_TRUE=''
am__fastdepCXX_FALSE='#'
am__fastdepCXX_TRUE=''
am__include='include'
am__leading_dot='.'
am__quote=''
am__tar='${AMTAR} chof - "$$tardir"'
am__untar='${AMTAR} xf -'
bindir='${exec_prefix}/bin'
build='x86_64-unknown-linux-gnu'
build_alias=''
build_cpu='x86_64'
build_os='linux-gnu'
build_vendor='unknown'
datadir='${datarootdir}'
datarootdir='${prefix}/share'
docdir='${datarootdir}/doc/${PACKAGE_TARNAME}'
dvidir='${docdir}'
exec_prefix='${prefix}'
host='x86_64-unknown-linux-gnu'
host_alias=''
host_cpu='x86_64'
host_os='linux-gnu'
host_vendor='unknown'
htmldir='${docdir}'
includedir='${prefix}/include'
infodir='${datarootdir}/info'
install_sh='/home/paul/decaf-platform-read-only/shared/llconf/install-sh'
libdir='${exec_prefix}/lib'
libexecdir='${exec_prefix}/libexec'
localedir='${datarootdir}/locale'
localstatedir='${prefix}/var'
mandir='${datarootdir}/man'
mkdir_p='mkdir -p --'
oldincludedir='/usr/include'
pdfdir='${docdir}'
prefix='/usr/local'
program_transform_name='s,x,x,'
psdir='${docdir}'
sbindir='${exec_prefix}/sbin'
sharedstatedir='${prefix}/com'
sysconfdir='${prefix}/etc'
target_alias=''

## ----------- ##
## confdefs.h. ##
## ----------- ##

/* confdefs.h */
#define PACKAGE_NAME "llconf"
#define PACKAGE_TARNAME "llconf"
#define PACKAGE_VERSION "0.4.6"
#define PACKAGE_STRING "llconf 0.4.6"
#define PACKAGE_BUGREPORT "<oku@debian.org>"
#define PACKAGE_URL ""
#define PACKAGE "llconf"
#define VERSION "0.4.6"
#define STDC_HEADERS 1
#define HAVE_SYS_TYPES_H 1
#define HAVE_SYS_STAT_H 1
#define HAVE_STDLIB_H 1
#define HAVE_STRING_H 1
#define HAVE_MEMORY_H 1
#define HAVE_STRINGS_H 1
#define HAVE_INTTYPES_H 1
#define HAVE_STDINT_H 1
#define HAVE_UNISTD_H 1
#define HAVE_DLFCN_H 1
#define STDC_HEADERS 1
#define HAVE_STDLIB_H 1
#define HAVE_STRING_H 1
#define HAVE_UNISTD_H 1
#define HAVE_STDLIB_H 1
#define HAVE_MALLOC 1
#define HAVE_MEMSET 1
#define HAVE_STRDUP 1
#define HAVE_STRERROR 1

configure: exit 0

## ---------------------- ##
## Running config.status. ##
## ---------------------- ##

This file was extended by llconf config.status 0.4.6, which was
generated by GNU Autoconf 2.68.  Invocation command line was

  CONFIG_FILES    = 
  CONFIG_HEADERS  = 
  CONFIG_LINKS    = 
  CONFIG_COMMANDS = 
  $ ./config.status 

on Artisanal

config.status:894: creating Makefile
config.status:997: WARNING:  'Makefile.in' seems to ignore the --datarootdir setting
config.status:894: creating llconf.pc
config.status:894: creating src/Makefile
config.status:997: WARNING:  'src/Makefile.in' seems to ignore the --datarootdir setting
config.status:894: creating src/parsers/Makefile
config.status:997: WARNING:  'src/parsers/Makefile.in' seems to ignore the --datarootdir setting
config.status:894: creating examples/Makefile
config.status:997: WARNING:  'examples/Makefile.in' seems to ignore the --datarootdir setting
config.status:894: creating doc/Makefile
config.status:997: WARNING:  'doc/Makefile.in' seems to ignore the --datarootdir setting
config.status:894: creating debian/Makefile
config.status:997: WARNING:  'debian/Makefile.in' seems to ignore the --datarootdir setting
config.status:894: creating config.h
config.status:1069: config.h is unchanged
config.status:1116: executing depfiles commands

## ---------------------- ##
## Running config.status. ##
## ---------------------- ##

This file was extended by llconf config.status 0.4.6, which was
generated by GNU Autoconf 2.68.  Invocation command line was

  CONFIG_FILES    = 
  CONFIG_HEADERS  = 
  CONFIG_LINKS    = 
  CONFIG_COMMANDS = 
  $ ./config.status config.h

on Artisanal

config.status:894: creating config.h
config.status:1069: config.h is unchanged
